(2020-04-19 13:03:20) [[36mverbose[39m]: Listening on port 3000.
(2020-04-19 13:03:21) [[36mverbose[39m]: Logged in as The Green Man#2476!
(2020-04-19 13:03:21) [[36mverbose[39m]: Running appver 3.2.2
(2020-04-19 13:05:13) [[36mverbose[39m]: Listening on port 3000.
(2020-04-19 13:05:14) [[36mverbose[39m]: Logged in as The Green Man#2476!
(2020-04-19 13:05:14) [[36mverbose[39m]: Running appver 0.1.0
(2020-04-19 14:04:06) [[36mverbose[39m]: Listening on port 3000.
(2020-04-19 14:04:16) [[36mverbose[39m]: Got response: 
(2020-04-19 14:04:16) [[36mverbose[39m]: Authed!
(2020-04-19 14:04:17) [[36mverbose[39m]: Logged in as The Green Man#2476!
(2020-04-19 14:04:17) [[36mverbose[39m]: Running appver 0.1.0
(2020-04-19 14:04:31) [[36mverbose[39m]: Got response: Console: hi
(2020-04-19 14:04:44) [[36mverbose[39m]: Got response: maxplayers set to 64
Unknown command "sv_fullalltalk"
maxplayers set to 64
L 04/19/2020 - 13:04:47: [maptesting.smx] Console<0><Console><Console> says: "Entering Pre-playtest..."
Console: "Entering Pre-playtest..."
(2020-04-19 14:05:04) [[36mverbose[39m]: Got response: maxplayers set to 64
Unknown command "sv_fullalltalk"
maxplayers set to 64
L 04/19/2020 - 13:05:06: [maptesting.smx] Console<0><Console><Console> says: "Entering Pre-playtest..."
Console: "Entering Pre-playtest..."
(2020-04-19 14:14:51) [[36mverbose[39m]: Listening on port 3000.
(2020-04-19 14:14:52) [[36mverbose[39m]: Got response: 
(2020-04-19 14:14:52) [[36mverbose[39m]: Authed!
(2020-04-19 14:14:52) [[36mverbose[39m]: Logged in as The Green Man#2476!
(2020-04-19 14:14:52) [[36mverbose[39m]: Running appver 0.1.0
(2020-04-19 14:15:04) [[36mverbose[39m]: Got response: 
(2020-04-19 14:15:07) [[31merror[39m]: Socket closed!
(2020-04-19 14:47:08) [[36mverbose[39m]: Listening on port 3000.
(2020-04-19 14:47:16) [[36mverbose[39m]: Got response: 
(2020-04-19 14:47:16) [[36mverbose[39m]: Authed!
(2020-04-19 14:47:17) [[36mverbose[39m]: Logged in as The Green Man#2476!
(2020-04-19 14:47:17) [[36mverbose[39m]: Running appver 0.1.0
(2020-04-19 14:59:31) [[36mverbose[39m]: Listening on port 3000.
(2020-04-19 14:59:32) [[36mverbose[39m]: Got response: 
(2020-04-19 14:59:32) [[36mverbose[39m]: Authed!
(2020-04-19 14:59:32) [[36mverbose[39m]: Logged in as The Green Man#2476!
(2020-04-19 14:59:32) [[36mverbose[39m]: Running appver 0.1.0
(2020-04-19 15:00:06) [[36mverbose[39m]: Listening on port 3000.
(2020-04-19 15:00:06) [[36mverbose[39m]: Got response: 
(2020-04-19 15:00:06) [[36mverbose[39m]: Authed!
(2020-04-19 15:00:07) [[36mverbose[39m]: Logged in as The Green Man#2476!
(2020-04-19 15:00:07) [[36mverbose[39m]: Running appver 0.1.0
(2020-04-19 15:00:47) [[36mverbose[39m]: Listening on port 3000.
(2020-04-19 15:00:47) [[36mverbose[39m]: Got response: 
(2020-04-19 15:00:47) [[36mverbose[39m]: Authed!
(2020-04-19 15:00:48) [[36mverbose[39m]: Logged in as The Green Man#2476!
(2020-04-19 15:00:48) [[36mverbose[39m]: Running appver 0.1.0
(2020-04-19 15:01:08) [[36mverbose[39m]: Got response: maxplayers set to 64
Unknown command "sv_fullalltalk"
maxplayers set to 64
L 04/19/2020 - 14:01:10: [maptesting.smx] Console<0><Console><Console> says: "Entering Pre-playtest..."
Console: "Entering Pre-playtest..."
EVERYONE CAN BUY!
(2020-04-19 15:01:20) [[36mverbose[39m]: Got response: maxplayers set to 64
Unknown command "sv_fullalltalk"
maxplayers set to 64
L 04/19/2020 - 14:01:23: [maptesting.smx] Console<0><Console><Console> says: "Entering Pre-playtest..."
Console: "Entering Pre-playtest..."
(2020-04-19 15:04:15) [[36mverbose[39m]: Listening on port 3000.
(2020-04-19 15:04:16) [[36mverbose[39m]: Got response: 
(2020-04-19 15:04:16) [[36mverbose[39m]: Authed!
(2020-04-19 15:04:16) [[36mverbose[39m]: Logged in as The Green Man#2476!
(2020-04-19 15:04:16) [[36mverbose[39m]: Running appver 0.1.0
(2020-04-19 15:09:40) [[31merror[39m]: Socket closed!
(2020-04-19 15:21:41) [[36mverbose[39m]: Listening on port 3000.
(2020-04-19 15:21:41) [[36mverbose[39m]: Got response from game server: 
(2020-04-19 15:21:41) [[36mverbose[39m]: Game server authorized!
(2020-04-19 15:21:42) [[36mverbose[39m]: Logged in as The Green Man#2476!
(2020-04-19 15:21:42) [[36mverbose[39m]: Running appver 0.1.0
(2020-04-19 15:21:52) [[36mverbose[39m]: Got response from game server: 
(2020-04-19 15:21:53) [[33mwarn[39m]: Game server socket closed! Reconnecting...
(2020-04-19 15:21:54) [[36mverbose[39m]: Got response from game server: 
(2020-04-19 15:21:54) [[36mverbose[39m]: Game server authorized!
(2020-04-19 15:22:20) [[36mverbose[39m]: Got response from game server: maxplayers set to 64
Unknown command "sv_fullalltalk"
maxplayers set to 64
L 04/19/2020 - 14:22:22: [maptesting.smx] Console<0><Console><Console> says: "Entering Pre-playtest..."
Console: "Entering Pre-playtest..."
EVERYONE CAN BUY!
(2020-04-19 15:23:29) [[36mverbose[39m]: Got response from game server: 
(2020-04-19 15:23:31) [[33mwarn[39m]: Game server socket closed! Reconnecting...
(2020-04-19 15:23:32) [[36mverbose[39m]: Got response from game server: 
(2020-04-19 15:23:32) [[36mverbose[39m]: Game server authorized!
(2020-04-19 15:23:44) [[36mverbose[39m]: Got response from game server: maxplayers set to 64
Unknown command "sv_fullalltalk"
maxplayers set to 64
L 04/19/2020 - 14:23:46: [maptesting.smx] Console<0><Console><Console> says: "Entering Pre-playtest..."
Console: "Entering Pre-playtest..."
Attempted to create unknown entity type tar_config!
Can't init tar_config
(2020-04-19 15:24:29) [[36mverbose[39m]: Got response from game server: 
(2020-04-19 15:25:06) [[36mverbose[39m]: Got response from game server: Unknown command "casualplaytest"
(2020-04-19 15:25:17) [[36mverbose[39m]: Got response from game server: maxplayers set to 64
maxplayers set to 64
Unknown command "sv_fullalltalk"
L 04/19/2020 - 14:25:20: [maptesting.smx] Console<0><Console><Console> says: "Entering Casual-Playtest..."
Console: "Entering Casual-Playtest..."
Attempted to create unknown entity type tar_config!
Can't init tar_config
Usage:  tv_record  <filename> [-instance <inst> ]
(2020-04-19 15:25:40) [[36mverbose[39m]: Got response from game server: maxplayers set to 64
Unknown command "sv_fullalltalk"
maxplayers set to 64
L 04/19/2020 - 14:25:42: [maptesting.smx] Console<0><Console><Console> says: "Entering Pre-playtest..."
Console: "Entering Pre-playtest..."
(2020-04-19 15:26:11) [[36mverbose[39m]: Got response from game server: 
(2020-04-19 15:26:25) [[36mverbose[39m]: Got response from game server: 
(2020-04-19 16:29:12) [[36mverbose[39m]: Listening on port 3000.
(2020-04-19 16:29:20) [[36mverbose[39m]: Got response from game server: 
(2020-04-19 16:29:20) [[36mverbose[39m]: Game server authorized!
(2020-04-19 16:29:21) [[36mverbose[39m]: Logged in as The Green Man#2476!
(2020-04-19 16:29:21) [[36mverbose[39m]: Running appver 0.1.0
(2020-04-19 16:29:39) [[33mwarn[39m]: Couldn't find that user
(2020-04-19 16:29:39) [[33mwarn[39m]: Couldn't find that user/channel/server combo.
(2020-04-19 16:29:39) [[36mverbose[39m]: Created a new profile for: SuperMechaCow
(2020-04-19 16:29:40) [[36mverbose[39m]: Created a message counter combo for: SuperMechaCow
(2020-04-19 16:31:03) [[36mverbose[39m]: Listening on port 3000.
(2020-04-19 16:31:04) [[36mverbose[39m]: Got response from game server: 
(2020-04-19 16:31:04) [[36mverbose[39m]: Game server authorized!
(2020-04-19 16:31:05) [[36mverbose[39m]: Logged in as The Green Man#2476!
(2020-04-19 16:31:05) [[36mverbose[39m]: Running appver 0.1.0
(2020-04-19 16:32:36) [[36mverbose[39m]: Listening on port 3000.
(2020-04-19 16:32:36) [[36mverbose[39m]: Got response from game server: 
(2020-04-19 16:32:36) [[36mverbose[39m]: Game server authorized!
(2020-04-19 16:32:37) [[36mverbose[39m]: Logged in as The Green Man#2476!
(2020-04-19 16:32:37) [[36mverbose[39m]: Running appver 0.1.0
(2020-04-19 16:35:37) [[36mverbose[39m]: Listening on port 3000.
(2020-04-19 16:35:38) [[36mverbose[39m]: Got response from game server: 
(2020-04-19 16:35:38) [[36mverbose[39m]: Game server authorized!
(2020-04-19 16:35:39) [[36mverbose[39m]: Logged in as The Green Man#2476!
(2020-04-19 16:35:39) [[36mverbose[39m]: Running appver 0.1.0
(2020-04-19 16:36:26) [[36mverbose[39m]: Listening on port 3000.
(2020-04-19 16:36:26) [[36mverbose[39m]: Got response from game server: 
(2020-04-19 16:36:26) [[36mverbose[39m]: Game server authorized!
(2020-04-19 16:36:27) [[36mverbose[39m]: Logged in as The Green Man#2476!
(2020-04-19 16:36:27) [[36mverbose[39m]: Running appver 0.1.0
(2020-04-19 16:37:57) [[36mverbose[39m]: Listening on port 3000.
(2020-04-19 16:37:58) [[36mverbose[39m]: Got response from game server: 
(2020-04-19 16:37:58) [[36mverbose[39m]: Game server authorized!
(2020-04-19 16:37:58) [[36mverbose[39m]: Logged in as The Green Man#2476!
(2020-04-19 16:37:58) [[36mverbose[39m]: Running appver 0.1.0
(2020-04-19 16:38:36) [[36mverbose[39m]: Listening on port 3000.
(2020-04-19 16:38:37) [[36mverbose[39m]: Got response from game server: 
(2020-04-19 16:38:37) [[36mverbose[39m]: Game server authorized!
(2020-04-19 16:38:38) [[36mverbose[39m]: Logged in as The Green Man#2476!
(2020-04-19 16:38:38) [[36mverbose[39m]: Running appver 0.1.0
(2020-04-19 17:01:59) [[33mwarn[39m]: Couldn't find that user
(2020-04-19 17:01:59) [[33mwarn[39m]: Couldn't find that user/channel/server combo.
(2020-04-19 17:01:59) [[36mverbose[39m]: Created a new profile for: JonyDrake
(2020-04-19 17:02:00) [[36mverbose[39m]: Created a message counter combo for: JonyDrake
(2020-04-19 17:03:22) [[36mverbose[39m]: Listening on port 3000.
(2020-04-19 17:03:23) [[36mverbose[39m]: Got response from game server: 
(2020-04-19 17:03:23) [[36mverbose[39m]: Game server authorized!
(2020-04-19 17:03:23) [[36mverbose[39m]: Logged in as The Green Man#2476!
(2020-04-19 17:03:23) [[36mverbose[39m]: Running appver 0.1.0
(2020-04-19 17:04:33) [[36mverbose[39m]: Listening on port 3000.
(2020-04-19 17:04:34) [[36mverbose[39m]: Got response from game server: 
(2020-04-19 17:04:34) [[36mverbose[39m]: Game server authorized!
(2020-04-19 17:04:34) [[36mverbose[39m]: Logged in as The Green Man#2476!
(2020-04-19 17:04:34) [[36mverbose[39m]: Running appver 0.1.0
(2020-04-19 17:05:16) [[36mverbose[39m]: Listening on port 3000.
(2020-04-19 17:05:17) [[36mverbose[39m]: Got response from game server: 
(2020-04-19 17:05:17) [[36mverbose[39m]: Game server authorized!
(2020-04-19 17:05:17) [[36mverbose[39m]: Logged in as The Green Man#2476!
(2020-04-19 17:05:17) [[36mverbose[39m]: Running appver 0.1.0
(2020-04-19 17:28:32) [[36mverbose[39m]: Listening on port 3000.
(2020-04-19 17:28:33) [[36mverbose[39m]: Got response from game server: 
(2020-04-19 17:28:33) [[36mverbose[39m]: Game server authorized!
(2020-04-19 17:28:34) [[36mverbose[39m]: Logged in as The Green Man#2476!
(2020-04-19 17:28:34) [[36mverbose[39m]: Running appver 0.1.0
(2020-04-19 17:29:36) [[36mverbose[39m]: Listening on port 3000.
(2020-04-19 17:29:37) [[36mverbose[39m]: Got response from game server: 
(2020-04-19 17:29:37) [[36mverbose[39m]: Game server authorized!
(2020-04-19 17:29:38) [[36mverbose[39m]: Logged in as The Green Man#2476!
(2020-04-19 17:29:38) [[36mverbose[39m]: Running appver 0.1.0
(2020-04-19 17:32:09) [[36mverbose[39m]: Listening on port 3000.
(2020-04-19 17:32:09) [[36mverbose[39m]: Got response from game server: 
(2020-04-19 17:32:09) [[36mverbose[39m]: Game server authorized!
(2020-04-19 17:32:10) [[36mverbose[39m]: Logged in as The Green Man#2476!
(2020-04-19 17:32:10) [[36mverbose[39m]: Running appver 0.1.0
(2020-04-19 17:33:35) [[36mverbose[39m]: Listening on port 3000.
(2020-04-19 17:33:36) [[36mverbose[39m]: Got response from game server: 
(2020-04-19 17:33:36) [[36mverbose[39m]: Game server authorized!
(2020-04-19 17:33:36) [[36mverbose[39m]: Logged in as The Green Man#2476!
(2020-04-19 17:33:36) [[36mverbose[39m]: Running appver 0.1.0
(2020-04-19 17:34:54) [[36mverbose[39m]: Listening on port 3000.
(2020-04-19 17:34:55) [[36mverbose[39m]: Got response from game server: 
(2020-04-19 17:34:55) [[36mverbose[39m]: Logged in as The Green Man#2476!
(2020-04-19 17:34:55) [[36mverbose[39m]: Running appver 0.1.0
(2020-04-19 17:34:56) [[36mverbose[39m]: Game server authorized!
(2020-04-19 17:35:47) [[36mverbose[39m]: Listening on port 3000.
(2020-04-19 17:35:48) [[36mverbose[39m]: Got response from game server: 
(2020-04-19 17:35:48) [[36mverbose[39m]: Game server authorized!
(2020-04-19 17:35:48) [[36mverbose[39m]: Logged in as The Green Man#2476!
(2020-04-19 17:35:48) [[36mverbose[39m]: Running appver 0.1.0
(2020-04-19 17:42:05) [[36mverbose[39m]: Listening on port 3000.
(2020-04-19 17:42:06) [[36mverbose[39m]: Got response from game server: 
(2020-04-19 17:42:06) [[36mverbose[39m]: Game server authorized!
(2020-04-19 17:42:06) [[36mverbose[39m]: Logged in as The Green Man#2476!
(2020-04-19 17:42:06) [[36mverbose[39m]: Running appver 0.1.0
(2020-04-19 17:43:02) [[36mverbose[39m]: Listening on port 3000.
(2020-04-19 17:43:03) [[36mverbose[39m]: Got response from game server: 
(2020-04-19 17:43:03) [[36mverbose[39m]: Game server authorized!
(2020-04-19 17:43:04) [[36mverbose[39m]: Logged in as The Green Man#2476!
(2020-04-19 17:43:04) [[36mverbose[39m]: Running appver 0.1.0
(2020-04-19 17:43:32) [[36mverbose[39m]: Listening on port 3000.
(2020-04-19 17:43:33) [[36mverbose[39m]: Got response from game server: 
(2020-04-19 17:43:33) [[36mverbose[39m]: Game server authorized!
(2020-04-19 17:43:33) [[36mverbose[39m]: Logged in as The Green Man#2476!
(2020-04-19 17:43:33) [[36mverbose[39m]: Running appver 0.1.0
(2020-04-19 18:00:36) [[36mverbose[39m]: Listening on port 3000.
(2020-04-19 18:00:37) [[36mverbose[39m]: Got response from game server: 
(2020-04-19 18:00:37) [[36mverbose[39m]: Game server authorized!
(2020-04-19 18:00:37) [[36mverbose[39m]: Logged in as The Green Man#2476!
(2020-04-19 18:00:37) [[36mverbose[39m]: Running appver 0.1.0
(2020-04-19 18:01:10) [[36mverbose[39m]: Listening on port 3000.
(2020-04-19 18:01:11) [[36mverbose[39m]: Got response from game server: 
(2020-04-19 18:01:11) [[36mverbose[39m]: Game server authorized!
(2020-04-19 18:01:12) [[36mverbose[39m]: Logged in as The Green Man#2476!
(2020-04-19 18:01:12) [[36mverbose[39m]: Running appver 0.1.0
(2020-04-19 20:26:37) [[36mverbose[39m]: Listening on port 3000.
(2020-04-19 20:26:39) [[36mverbose[39m]: Got response from game server: 
(2020-04-19 20:26:39) [[36mverbose[39m]: Game server authorized!
(2020-04-19 20:26:39) [[36mverbose[39m]: Logged in as The Green Man#2476!
(2020-04-19 20:26:39) [[36mverbose[39m]: Running appver 0.1.0
(2020-04-19 20:27:19) [[36mverbose[39m]: Listening on port 3000.
(2020-04-19 20:27:20) [[36mverbose[39m]: Got response from game server: 
(2020-04-19 20:27:20) [[36mverbose[39m]: Game server authorized!
(2020-04-19 20:27:21) [[36mverbose[39m]: Logged in as The Green Man#2476!
(2020-04-19 20:27:21) [[36mverbose[39m]: Running appver 0.1.0
(2020-04-19 20:27:41) [[33mwarn[39m]: Couldn't find that user/channel/server combo.
(2020-04-19 20:27:41) [[36mverbose[39m]: Created a message counter combo for: SuperMechaCow
(2020-04-19 20:28:54) [[36mverbose[39m]: Listening on port 3000.
(2020-04-19 20:28:55) [[36mverbose[39m]: Got response from game server: 
(2020-04-19 20:28:55) [[36mverbose[39m]: Game server authorized!
(2020-04-19 20:28:56) [[36mverbose[39m]: Logged in as The Green Man#2476!
(2020-04-19 20:28:56) [[36mverbose[39m]: Running appver 0.1.0
(2020-04-20 10:40:44) [[36mverbose[39m]: Listening on port 3000.
(2020-04-20 10:40:54) [[36mverbose[39m]: Got response from game server: 
(2020-04-20 10:40:54) [[36mverbose[39m]: Game server authorized!
(2020-04-20 10:40:54) [[36mverbose[39m]: Logged in as The Green Man#2476!
(2020-04-20 10:40:54) [[36mverbose[39m]: Running appver 0.1.0
(2020-04-20 10:46:50) [[36mverbose[39m]: Time Check! 1587394010
(2020-04-20 10:47:49) [[36mverbose[39m]: Time Check! 1587394069
(2020-04-20 10:48:14) [[36mverbose[39m]: Time Check! 1587394094
(2020-04-20 10:57:46) [[36mverbose[39m]: Listening on port 3000.
(2020-04-20 10:57:47) [[36mverbose[39m]: Got response from game server: 
(2020-04-20 10:57:47) [[36mverbose[39m]: Game server authorized!
(2020-04-20 10:57:47) [[36mverbose[39m]: Logged in as The Green Man#2476!
(2020-04-20 10:57:47) [[36mverbose[39m]: Running appver 0.1.0
(2020-04-20 10:58:15) [[36mverbose[39m]: Listening on port 3000.
(2020-04-20 10:58:15) [[36mverbose[39m]: Got response from game server: 
(2020-04-20 10:58:15) [[36mverbose[39m]: Game server authorized!
(2020-04-20 10:58:16) [[36mverbose[39m]: Logged in as The Green Man#2476!
(2020-04-20 10:58:16) [[36mverbose[39m]: Running appver 0.1.0
(2020-04-20 10:58:56) [[36mverbose[39m]: Time Check! 1587394736
(2020-04-20 10:59:41) [[36mverbose[39m]: Listening on port 3000.
(2020-04-20 10:59:42) [[36mverbose[39m]: Got response from game server: 
(2020-04-20 10:59:42) [[36mverbose[39m]: Game server authorized!
(2020-04-20 10:59:43) [[36mverbose[39m]: Logged in as The Green Man#2476!
(2020-04-20 10:59:43) [[36mverbose[39m]: Running appver 0.1.0
(2020-04-20 11:00:20) [[36mverbose[39m]: Time Check! 1587394820
(2020-04-20 11:00:49) [[36mverbose[39m]: Time Check! 1587394849
(2020-04-20 11:04:17) [[36mverbose[39m]: Time Check! 1587395057
(2020-04-20 11:04:57) [[36mverbose[39m]: Time Check! 1587395097
(2020-04-20 11:07:23) [[36mverbose[39m]: Listening on port 3000.
(2020-04-20 11:07:24) [[36mverbose[39m]: Got response from game server: 
(2020-04-20 11:07:24) [[36mverbose[39m]: Game server authorized!
(2020-04-20 11:07:25) [[36mverbose[39m]: Logged in as The Green Man#2476!
(2020-04-20 11:07:25) [[36mverbose[39m]: Running appver 0.1.0
(2020-04-20 11:11:07) [[36mverbose[39m]: Listening on port 3000.
(2020-04-20 11:11:08) [[36mverbose[39m]: Got response from game server: 
(2020-04-20 11:11:08) [[36mverbose[39m]: Game server authorized!
(2020-04-20 11:11:09) [[36mverbose[39m]: Logged in as The Green Man#2476!
(2020-04-20 11:11:09) [[36mverbose[39m]: Running appver 0.1.0
(2020-04-20 11:12:35) [[36mverbose[39m]: Time Check! 1587395555
(2020-04-20 11:12:48) [[36mverbose[39m]: Listening on port 3000.
(2020-04-20 11:12:49) [[36mverbose[39m]: Got response from game server: 
(2020-04-20 11:12:49) [[36mverbose[39m]: Game server authorized!
(2020-04-20 11:12:49) [[36mverbose[39m]: Logged in as The Green Man#2476!
(2020-04-20 11:12:49) [[36mverbose[39m]: Running appver 0.1.0
(2020-04-20 11:15:07) [[36mverbose[39m]: Listening on port 3000.
(2020-04-20 11:15:08) [[36mverbose[39m]: Got response from game server: 
(2020-04-20 11:15:08) [[36mverbose[39m]: Game server authorized!
(2020-04-20 11:15:08) [[36mverbose[39m]: Logged in as The Green Man#2476!
(2020-04-20 11:15:08) [[36mverbose[39m]: Running appver 0.1.0
(2020-04-20 11:15:47) [[36mverbose[39m]: Listening on port 3000.
(2020-04-20 11:15:48) [[36mverbose[39m]: Got response from game server: 
(2020-04-20 11:15:48) [[36mverbose[39m]: Game server authorized!
(2020-04-20 11:15:49) [[36mverbose[39m]: Logged in as The Green Man#2476!
(2020-04-20 11:15:49) [[36mverbose[39m]: Running appver 0.1.0
(2020-04-20 11:15:50) [[31merror[39m]: I couldn't find that Workshop ID
(2020-04-20 11:17:20) [[36mverbose[39m]: Listening on port 3000.
(2020-04-20 11:17:21) [[36mverbose[39m]: Got response from game server: 
(2020-04-20 11:17:21) [[36mverbose[39m]: Game server authorized!
(2020-04-20 11:17:22) [[36mverbose[39m]: Logged in as The Green Man#2476!
(2020-04-20 11:17:22) [[36mverbose[39m]: Running appver 0.1.0
(2020-04-20 11:17:36) [[31merror[39m]: I couldn't find that Workshop ID
(2020-04-20 11:18:51) [[36mverbose[39m]: Listening on port 3000.
(2020-04-20 11:18:51) [[36mverbose[39m]: Got response from game server: 
(2020-04-20 11:18:51) [[36mverbose[39m]: Game server authorized!
(2020-04-20 11:18:52) [[36mverbose[39m]: Logged in as The Green Man#2476!
(2020-04-20 11:18:52) [[36mverbose[39m]: Running appver 0.1.0
(2020-04-20 11:19:08) [[31merror[39m]: I couldn't find that Workshop ID
(2020-04-20 11:20:36) [[36mverbose[39m]: Listening on port 3000.
(2020-04-20 11:20:36) [[36mverbose[39m]: Got response from game server: 
(2020-04-20 11:20:36) [[36mverbose[39m]: Game server authorized!
(2020-04-20 11:20:37) [[36mverbose[39m]: Logged in as The Green Man#2476!
(2020-04-20 11:20:37) [[36mverbose[39m]: Running appver 0.1.0
(2020-04-20 11:20:59) [[36mverbose[39m]: Playtest live
(2020-04-20 11:38:25) [[36mverbose[39m]: Listening on port 3000.
(2020-04-20 11:38:25) [[36mverbose[39m]: Got response from game server: 
(2020-04-20 11:38:25) [[36mverbose[39m]: Game server authorized!
(2020-04-20 11:38:26) [[36mverbose[39m]: Logged in as The Green Man#2476!
(2020-04-20 11:38:26) [[36mverbose[39m]: Running appver 0.1.0
(2020-04-20 11:39:00) [[36mverbose[39m]: Listening on port 3000.
(2020-04-20 11:39:00) [[36mverbose[39m]: Got response from game server: 
(2020-04-20 11:39:00) [[36mverbose[39m]: Game server authorized!
(2020-04-20 11:39:01) [[36mverbose[39m]: Logged in as The Green Man#2476!
(2020-04-20 11:39:01) [[36mverbose[39m]: Running appver 0.1.0
(2020-04-20 11:39:30) [[33mwarn[39m]: Couldn't find that user/channel/server combo.
(2020-04-20 11:39:31) [[36mverbose[39m]: Created a message counter combo for: JonyDrake
(2020-04-20 11:40:44) [[36mverbose[39m]: Playtest live
(2020-04-20 11:45:56) [[36mverbose[39m]: Listening on port 3000.
(2020-04-20 11:45:57) [[36mverbose[39m]: Got response from game server: 
(2020-04-20 11:45:57) [[36mverbose[39m]: Game server authorized!
(2020-04-20 11:45:58) [[36mverbose[39m]: Logged in as The Green Man#2476!
(2020-04-20 11:45:58) [[36mverbose[39m]: Running appver 0.1.0
(2020-04-20 11:46:26) [[36mverbose[39m]: Playtest live
(2020-04-20 11:46:53) [[33mwarn[39m]: Couldn't find that user
(2020-04-20 11:46:53) [[33mwarn[39m]: Couldn't find that user/channel/server combo.
(2020-04-20 11:46:53) [[36mverbose[39m]: Created a new profile for: Coachi
(2020-04-20 11:46:54) [[36mverbose[39m]: Created a message counter combo for: Coachi
(2020-04-20 11:48:32) [[36mverbose[39m]: Time Check! 1587397712
(2020-04-20 11:49:41) [[36mverbose[39m]: Listening on port 3000.
(2020-04-20 11:49:42) [[36mverbose[39m]: Got response from game server: 
(2020-04-20 11:49:42) [[36mverbose[39m]: Game server authorized!
(2020-04-20 11:49:43) [[36mverbose[39m]: Logged in as The Green Man#2476!
(2020-04-20 11:49:43) [[36mverbose[39m]: Running appver 0.1.0
(2020-04-20 11:50:07) [[31merror[39m]: SQLITE_BUSY: database is locked
(2020-04-20 11:50:08) [[31merror[39m]: SQLITE_BUSY: database is locked
(2020-04-20 11:50:09) [[31merror[39m]: SQLITE_BUSY: database is locked
(2020-04-20 11:50:10) [[31merror[39m]: SQLITE_BUSY: database is locked
(2020-04-20 11:50:11) [[31merror[39m]: SQLITE_BUSY: database is locked
(2020-04-20 11:50:12) [[31merror[39m]: SQLITE_BUSY: database is locked
(2020-04-20 11:50:13) [[31merror[39m]: SQLITE_BUSY: database is locked
(2020-04-20 11:50:14) [[31merror[39m]: SQLITE_BUSY: database is locked
(2020-04-20 11:50:15) [[31merror[39m]: SQLITE_BUSY: database is locked
(2020-04-20 11:50:16) [[31merror[39m]: SQLITE_BUSY: database is locked
(2020-04-20 11:50:17) [[31merror[39m]: SQLITE_BUSY: database is locked
(2020-04-20 11:50:18) [[31merror[39m]: SQLITE_BUSY: database is locked
(2020-04-20 11:50:19) [[31merror[39m]: SQLITE_BUSY: database is locked
(2020-04-20 11:50:20) [[31merror[39m]: SQLITE_BUSY: database is locked
(2020-04-20 11:50:21) [[31merror[39m]: SQLITE_BUSY: database is locked
(2020-04-20 11:50:22) [[31merror[39m]: SQLITE_BUSY: database is locked
(2020-04-20 11:50:23) [[31merror[39m]: SQLITE_BUSY: database is locked
(2020-04-20 11:50:24) [[31merror[39m]: SQLITE_BUSY: database is locked
(2020-04-20 11:50:25) [[31merror[39m]: SQLITE_BUSY: database is locked
(2020-04-20 11:50:26) [[31merror[39m]: SQLITE_BUSY: database is locked
(2020-04-20 11:50:27) [[31merror[39m]: SQLITE_BUSY: database is locked
(2020-04-20 11:50:28) [[31merror[39m]: SQLITE_BUSY: database is locked
(2020-04-20 11:50:29) [[31merror[39m]: SQLITE_BUSY: database is locked
(2020-04-20 11:50:30) [[31merror[39m]: SQLITE_BUSY: database is locked
(2020-04-20 11:50:31) [[31merror[39m]: SQLITE_BUSY: database is locked
(2020-04-20 11:50:32) [[31merror[39m]: SQLITE_BUSY: database is locked
(2020-04-20 11:50:33) [[31merror[39m]: SQLITE_BUSY: database is locked
(2020-04-20 11:50:34) [[31merror[39m]: SQLITE_BUSY: database is locked
(2020-04-20 11:50:35) [[31merror[39m]: SQLITE_BUSY: database is locked
(2020-04-20 11:50:36) [[36mverbose[39m]: Playtest live
(2020-04-20 11:50:40) [[36mverbose[39m]: Listening on port 3000.
(2020-04-20 11:50:41) [[36mverbose[39m]: Got response from game server: 
(2020-04-20 11:50:41) [[36mverbose[39m]: Game server authorized!
(2020-04-20 11:50:42) [[36mverbose[39m]: Logged in as The Green Man#2476!
(2020-04-20 11:50:42) [[36mverbose[39m]: Running appver 0.1.0
(2020-04-20 11:52:22) [[36mverbose[39m]: Listening on port 3000.
(2020-04-20 11:52:23) [[36mverbose[39m]: Got response from game server: 
(2020-04-20 11:52:23) [[36mverbose[39m]: Game server authorized!
(2020-04-20 11:52:23) [[36mverbose[39m]: Logged in as The Green Man#2476!
(2020-04-20 11:52:23) [[36mverbose[39m]: Running appver 0.1.0
(2020-04-20 11:52:37) [[36mverbose[39m]: Playtest live
(2020-04-20 12:03:11) [[33mwarn[39m]: Couldn't find that user/channel/server combo.
(2020-04-20 12:03:12) [[36mverbose[39m]: Created a message counter combo for: JonyDrake
